This is pdfTeX, Version 3.141592653-2.6-1.40.26 (MiKTeX 24.4) (preloaded format=pdflatex 2024.7.12)  2 SEP 2024 21:01
entering extended mode
 restricted \write18 enabled.
 file:line:error style messages enabled.
 %&-line parsing enabled.
**c:/Users/RUBEN/Desktop/cambio/subiendo/Analisis-Exploratorio-de-Longley/Informe/Informe.tex
(c:/Users/RUBEN/Desktop/cambio/subiendo/Analisis-Exploratorio-de-Longley/Informe/Informe.tex
LaTeX2e <2024-06-01> patch level 2
L3 programming layer <2024-05-27>
(C:\Users\RUBEN\AppData\Local\Programs\MiKTeX\tex/latex/base\article.cls
Document Class: article 2024/02/08 v1.4n Standard LaTeX document class
(C:\Users\RUBEN\AppData\Local\Programs\MiKTeX\tex/latex/base\size10.clo
File: size10.clo 2024/02/08 v1.4n Standard LaTeX file (size option)
)
\c@part=\count194
\c@section=\count195
\c@subsection=\count196
\c@subsubsection=\count197
\c@paragraph=\count198
\c@subparagraph=\count199
\c@figure=\count266
\c@table=\count267
\abovecaptionskip=\skip49
\belowcaptionskip=\skip50
\bibindent=\dimen141
) (C:\Users\RUBEN\AppData\Local\Programs\MiKTeX\tex/latex/base\inputenc.sty
Package: inputenc 2024/02/08 v1.3d Input encoding file
\inpenc@prehook=\toks17
\inpenc@posthook=\toks18
) (C:\Users\RUBEN\AppData\Local\Programs\MiKTeX\tex/latex/amsmath\amsmath.sty
Package: amsmath 2024/05/23 v2.17q AMS math features
\@mathmargin=\skip51

For additional information on amsmath, use the `?' option.
(C:\Users\RUBEN\AppData\Local\Programs\MiKTeX\tex/latex/amsmath\amstext.sty
Package: amstext 2021/08/26 v2.01 AMS text
 (C:\Users\RUBEN\AppData\Local\Programs\MiKTeX\tex/latex/amsmath\amsgen.sty
File: amsgen.sty 1999/11/30 v2.0 generic functions
\@emptytoks=\toks19
\ex@=\dimen142
)) (C:\Users\RUBEN\AppData\Local\Programs\MiKTeX\tex/latex/amsmath\amsbsy.sty
Package: amsbsy 1999/11/29 v1.2d Bold Symbols
\pmbraise@=\dimen143
) (C:\Users\RUBEN\AppData\Local\Programs\MiKTeX\tex/latex/amsmath\amsopn.sty
Package: amsopn 2022/04/08 v2.04 operator names
)
\inf@bad=\count268
LaTeX Info: Redefining \frac on input line 233.
\uproot@=\count269
\leftroot@=\count270
LaTeX Info: Redefining \overline on input line 398.
LaTeX Info: Redefining \colon on input line 409.
\classnum@=\count271
\DOTSCASE@=\count272
LaTeX Info: Redefining \ldots on input line 495.
LaTeX Info: Redefining \dots on input line 498.
LaTeX Info: Redefining \cdots on input line 619.
\Mathstrutbox@=\box52
\strutbox@=\box53
LaTeX Info: Redefining \big on input line 721.
LaTeX Info: Redefining \Big on input line 722.
LaTeX Info: Redefining \bigg on input line 723.
LaTeX Info: Redefining \Bigg on input line 724.
\big@size=\dimen144
LaTeX Font Info:    Redeclaring font encoding OML on input line 742.
LaTeX Font Info:    Redeclaring font encoding OMS on input line 743.
\macc@depth=\count273
LaTeX Info: Redefining \bmod on input line 904.
LaTeX Info: Redefining \pmod on input line 909.
LaTeX Info: Redefining \smash on input line 939.
LaTeX Info: Redefining \relbar on input line 969.
LaTeX Info: Redefining \Relbar on input line 970.
\c@MaxMatrixCols=\count274
\dotsspace@=\muskip17
\c@parentequation=\count275
\dspbrk@lvl=\count276
\tag@help=\toks20
\row@=\count277
\column@=\count278
\maxfields@=\count279
\andhelp@=\toks21
\eqnshift@=\dimen145
\alignsep@=\dimen146
\tagshift@=\dimen147
\tagwidth@=\dimen148
\totwidth@=\dimen149
\lineht@=\dimen150
\@envbody=\toks22
\multlinegap=\skip52
\multlinetaggap=\skip53
\mathdisplay@stack=\toks23
LaTeX Info: Redefining \[ on input line 2953.
LaTeX Info: Redefining \] on input line 2954.
) (C:\Users\RUBEN\AppData\Local\Programs\MiKTeX\tex/latex/amsfonts\amsfonts.sty
Package: amsfonts 2013/01/14 v3.01 Basic AMSFonts support
\symAMSa=\mathgroup4
\symAMSb=\mathgroup5
LaTeX Font Info:    Redeclaring math symbol \hbar on input line 98.
LaTeX Font Info:    Overwriting math alphabet `\mathfrak' in version `bold'
(Font)                  U/euf/m/n --> U/euf/b/n on input line 106.
) (C:\Users\RUBEN\AppData\Local\Programs\MiKTeX\tex/latex/graphics\graphicx.sty
Package: graphicx 2021/09/16 v1.2d Enhanced LaTeX Graphics (DPC,SPQR)
 (C:\Users\RUBEN\AppData\Local\Programs\MiKTeX\tex/latex/graphics\keyval.sty
Package: keyval 2022/05/29 v1.15 key=value parser (DPC)
\KV@toks@=\toks24
) (C:\Users\RUBEN\AppData\Local\Programs\MiKTeX\tex/latex/graphics\graphics.sty
Package: graphics 2024/05/23 v1.4g Standard LaTeX Graphics (DPC,SPQR)
 (C:\Users\RUBEN\AppData\Local\Programs\MiKTeX\tex/latex/graphics\trig.sty
Package: trig 2023/12/02 v1.11 sin cos tan (DPC)
) (C:\Users\RUBEN\AppData\Local\Programs\MiKTeX\tex/latex/graphics-cfg\graphics.cfg
File: graphics.cfg 2016/06/04 v1.11 sample graphics configuration
)
Package graphics Info: Driver file: pdftex.def on input line 106.
 (C:\Users\RUBEN\AppData\Local\Programs\MiKTeX\tex/latex/graphics-def\pdftex.def
File: pdftex.def 2024/04/13 v1.2c Graphics/color driver for pdftex
))
\Gin@req@height=\dimen151
\Gin@req@width=\dimen152
) (C:\Users\RUBEN\AppData\Local\Programs\MiKTeX\tex/latex/float\float.sty
Package: float 2001/11/08 v1.3d Float enhancements (AL)
\c@float@type=\count280
\float@exts=\toks25
\float@box=\box54
\@float@everytoks=\toks26
\@floatcapt=\box55
) (C:\Users\RUBEN\AppData\Local\Programs\MiKTeX\tex/latex/adjustbox\adjustbox.sty
Package: adjustbox 2022/10/17 v1.3a Adjusting TeX boxes (trim, clip, ...)
 (C:\Users\RUBEN\AppData\Local\Programs\MiKTeX\tex/latex/xkeyval\xkeyval.sty
Package: xkeyval 2022/06/16 v2.9 package option processing (HA)
 (C:\Users\RUBEN\AppData\Local\Programs\MiKTeX\tex/generic/xkeyval\xkeyval.tex (C:\Users\RUBEN\AppData\Local\Programs\MiKTeX\tex/generic/xkeyval\xkvutils.tex
\XKV@toks=\toks27
\XKV@tempa@toks=\toks28
)
\XKV@depth=\count281
File: xkeyval.tex 2014/12/03 v2.7a key=value parser (HA)
)) (C:\Users\RUBEN\AppData\Local\Programs\MiKTeX\tex/latex/adjustbox\adjcalc.sty
Package: adjcalc 2012/05/16 v1.1 Provides advanced setlength with multiple back-ends (calc, etex, pgfmath)
) (C:\Users\RUBEN\AppData\Local\Programs\MiKTeX\tex/latex/adjustbox\trimclip.sty
Package: trimclip 2020/08/19 v1.2 Trim and clip general TeX material
 (C:\Users\RUBEN\AppData\Local\Programs\MiKTeX\tex/latex/collectbox\collectbox.sty
Package: collectbox 2022/10/17 v0.4c Collect macro arguments as boxes
\collectedbox=\box56
)
\tc@llx=\dimen153
\tc@lly=\dimen154
\tc@urx=\dimen155
\tc@ury=\dimen156
Package trimclip Info: Using driver 'tc-pdftex.def'.
 (C:\Users\RUBEN\AppData\Local\Programs\MiKTeX\tex/latex/adjustbox\tc-pdftex.def
File: tc-pdftex.def 2019/01/04 v2.2 Clipping driver for pdftex
))
\adjbox@Width=\dimen157
\adjbox@Height=\dimen158
\adjbox@Depth=\dimen159
\adjbox@Totalheight=\dimen160
\adjbox@pwidth=\dimen161
\adjbox@pheight=\dimen162
\adjbox@pdepth=\dimen163
\adjbox@ptotalheight=\dimen164
 (C:\Users\RUBEN\AppData\Local\Programs\MiKTeX\tex/latex/ifoddpage\ifoddpage.sty
Package: ifoddpage 2022/10/18 v1.2 Conditionals for odd/even page detection
\c@checkoddpage=\count282
) (C:\Users\RUBEN\AppData\Local\Programs\MiKTeX\tex/latex/varwidth\varwidth.sty
Package: varwidth 2009/03/30 ver 0.92;  Variable-width minipages
\@vwid@box=\box57
\sift@deathcycles=\count283
\@vwid@loff=\dimen165
\@vwid@roff=\dimen166
)) (C:\Users\RUBEN\AppData\Local\Programs\MiKTeX\tex/latex/l3backend\l3backend-pdftex.def
File: l3backend-pdftex.def 2024-05-08 L3 backend support: PDF output (pdfTeX)
\l__color_backend_stack_int=\count284
\l__pdf_internal_box=\box58
) (Informe.aux

LaTeX Warning: Label `fig:mi_imagen' multiply defined.

)
\openout1 = `Informe.aux'.

LaTeX Font Info:    Checking defaults for OML/cmm/m/it on input line 13.
LaTeX Font Info:    ... okay on input line 13.
LaTeX Font Info:    Checking defaults for OMS/cmsy/m/n on input line 13.
LaTeX Font Info:    ... okay on input line 13.
LaTeX Font Info:    Checking defaults for OT1/cmr/m/n on input line 13.
LaTeX Font Info:    ... okay on input line 13.
LaTeX Font Info:    Checking defaults for T1/cmr/m/n on input line 13.
LaTeX Font Info:    ... okay on input line 13.
LaTeX Font Info:    Checking defaults for TS1/cmr/m/n on input line 13.
LaTeX Font Info:    ... okay on input line 13.
LaTeX Font Info:    Checking defaults for OMX/cmex/m/n on input line 13.
LaTeX Font Info:    ... okay on input line 13.
LaTeX Font Info:    Checking defaults for U/cmr/m/n on input line 13.
LaTeX Font Info:    ... okay on input line 13.
 (C:\Users\RUBEN\AppData\Local\Programs\MiKTeX\tex/context/base/mkii\supp-pdf.mkii
[Loading MPS to PDF converter (version 2006.09.02).]
\scratchcounter=\count285
\scratchdimen=\dimen167
\scratchbox=\box59
\nofMPsegments=\count286
\nofMParguments=\count287
\everyMPshowfont=\toks29
\MPscratchCnt=\count288
\MPscratchDim=\dimen168
\MPnumerator=\count289
\makeMPintoPDFobject=\count290
\everyMPtoPDFconversion=\toks30
) (C:\Users\RUBEN\AppData\Local\Programs\MiKTeX\tex/latex/epstopdf-pkg\epstopdf-base.sty
Package: epstopdf-base 2020-01-24 v2.11 Base part for package epstopdf
Package epstopdf-base Info: Redefining graphics rule for `.eps' on input line 485.
 (C:\Users\RUBEN\AppData\Local\Programs\MiKTeX\tex/latex/00miktex\epstopdf-sys.cfg
File: epstopdf-sys.cfg 2021/03/18 v2.0 Configuration of epstopdf for MiKTeX
))
LaTeX Font Info:    Trying to load font information for U+msa on input line 15.
 (C:\Users\RUBEN\AppData\Local\Programs\MiKTeX\tex/latex/amsfonts\umsa.fd
File: umsa.fd 2013/01/14 v3.01 AMS symbols A
)
LaTeX Font Info:    Trying to load font information for U+msb on input line 15.
 (C:\Users\RUBEN\AppData\Local\Programs\MiKTeX\tex/latex/amsfonts\umsb.fd
File: umsb.fd 2013/01/14 v3.01 AMS symbols B
)
<MTC/GNP.deflator_central.png, id=1, 433.62pt x 108.405pt>
File: MTC/GNP.deflator_central.png Graphic file (type png)
<use MTC/GNP.deflator_central.png>
Package pdftex.def Info: MTC/GNP.deflator_central.png  used on input line 26.
(pdftex.def)             Requested size: 345.0pt x 86.25433pt.
<MTC/GNP.deflator_dispersion.png, id=2, 433.62pt x 108.405pt>
File: MTC/GNP.deflator_dispersion.png Graphic file (type png)
<use MTC/GNP.deflator_dispersion.png>
Package pdftex.def Info: MTC/GNP.deflator_dispersion.png  used on input line 31.
(pdftex.def)             Requested size: 345.0pt x 86.25433pt.


[1

{C:/Users/RUBEN/AppData/Local/MiKTeX/fonts/map/pdftex/pdftex.map} <./MTC/GNP.deflator_central.png> <./MTC/GNP.deflator_dispersion.png>]
<MTC/GNP_central.png, id=11, 433.62pt x 108.405pt>
File: MTC/GNP_central.png Graphic file (type png)
<use MTC/GNP_central.png>
Package pdftex.def Info: MTC/GNP_central.png  used on input line 55.
(pdftex.def)             Requested size: 345.0pt x 86.25433pt.
<MTC/GNP_dispersion.png, id=12, 433.62pt x 108.405pt>
File: MTC/GNP_dispersion.png Graphic file (type png)
<use MTC/GNP_dispersion.png>
Package pdftex.def Info: MTC/GNP_dispersion.png  used on input line 60.
(pdftex.def)             Requested size: 345.0pt x 86.25433pt.


[2 <./MTC/GNP_central.png> <./MTC/GNP_dispersion.png>]
<MTC/Unemployed_central.png, id=16, 433.62pt x 108.405pt>
File: MTC/Unemployed_central.png Graphic file (type png)
<use MTC/Unemployed_central.png>
Package pdftex.def Info: MTC/Unemployed_central.png  used on input line 84.
(pdftex.def)             Requested size: 345.0pt x 86.25433pt.
<MTC/Unemployed_dispersion.png, id=17, 433.62pt x 108.405pt>
File: MTC/Unemployed_dispersion.png Graphic file (type png)
<use MTC/Unemployed_dispersion.png>
Package pdftex.def Info: MTC/Unemployed_dispersion.png  used on input line 89.
(pdftex.def)             Requested size: 345.0pt x 86.25433pt.


[3 <./MTC/Unemployed_central.png> <./MTC/Unemployed_dispersion.png>]
<MTC/Armed.Forces_central.png, id=21, 433.62pt x 108.405pt>
File: MTC/Armed.Forces_central.png Graphic file (type png)
<use MTC/Armed.Forces_central.png>
Package pdftex.def Info: MTC/Armed.Forces_central.png  used on input line 113.
(pdftex.def)             Requested size: 345.0pt x 86.25433pt.
<MTC/Armed.Forces_dispersion.png, id=22, 433.62pt x 108.405pt>
File: MTC/Armed.Forces_dispersion.png Graphic file (type png)
<use MTC/Armed.Forces_dispersion.png>
Package pdftex.def Info: MTC/Armed.Forces_dispersion.png  used on input line 118.
(pdftex.def)             Requested size: 345.0pt x 86.25433pt.


[4 <./MTC/Armed.Forces_central.png> <./MTC/Armed.Forces_dispersion.png>]
Overfull \hbox (18.25612pt too wide) in paragraph at lines 125--126
[]\OT1/cmr/m/n/10 La simetr^^S^^Pa neg-a-tiva (-0.37) sug-iere una in-cli-naci^^Son ha-cia la izquierda. 
 []

<MTC/Population_central.png, id=26, 433.62pt x 108.405pt>
File: MTC/Population_central.png Graphic file (type png)
<use MTC/Population_central.png>
Package pdftex.def Info: MTC/Population_central.png  used on input line 142.
(pdftex.def)             Requested size: 345.0pt x 86.25433pt.
<MTC/Population_dispersion.png, id=27, 433.62pt x 108.405pt>
File: MTC/Population_dispersion.png Graphic file (type png)
<use MTC/Population_dispersion.png>
Package pdftex.def Info: MTC/Population_dispersion.png  used on input line 147.
(pdftex.def)             Requested size: 345.0pt x 86.25433pt.

Overfull \hbox (4.75615pt too wide) in paragraph at lines 151--152
[]\OT1/cmr/m/n/10 La me-dia es 117.42, in-di-cando el tama~no prome-dio de la poblaci^^Son. 
 []



[5 <./MTC/Population_central.png> <./MTC/Population_dispersion.png>]
Overfull \hbox (5.81165pt too wide) in paragraph at lines 154--155
[]\OT1/cmr/m/n/10 La simetr^^S^^Pa pos-i-tiva (0.26) sug-iere una in-cli-naci^^Son ha-cia la derecha. 
 []

<MTC/Year_central.png, id=31, 433.62pt x 108.405pt>
File: MTC/Year_central.png Graphic file (type png)
<use MTC/Year_central.png>
Package pdftex.def Info: MTC/Year_central.png  used on input line 172.
(pdftex.def)             Requested size: 345.0pt x 86.25433pt.
<MTC/Year_dispersion.png, id=32, 433.62pt x 108.405pt>
File: MTC/Year_dispersion.png Graphic file (type png)
<use MTC/Year_dispersion.png>
Package pdftex.def Info: MTC/Year_dispersion.png  used on input line 177.
(pdftex.def)             Requested size: 345.0pt x 86.25433pt.


[6 <./MTC/Year_central.png> <./MTC/Year_dispersion.png>]
<MTC/Employed_central.png, id=36, 433.62pt x 108.405pt>
File: MTC/Employed_central.png Graphic file (type png)
<use MTC/Employed_central.png>
Package pdftex.def Info: MTC/Employed_central.png  used on input line 201.
(pdftex.def)             Requested size: 345.0pt x 86.25433pt.
<MTC/Employed_dispersion.png, id=37, 433.62pt x 108.405pt>
File: MTC/Employed_dispersion.png Graphic file (type png)
<use MTC/Employed_dispersion.png>
Package pdftex.def Info: MTC/Employed_dispersion.png  used on input line 206.
(pdftex.def)             Requested size: 345.0pt x 86.25433pt.


[7 <./MTC/Employed_central.png> <./MTC/Employed_dispersion.png>]
<GraficosDispersion/GNP.deflator_vs_GNP.png, id=42, 481.8pt x 481.8pt>
File: GraficosDispersion/GNP.deflator_vs_GNP.png Graphic file (type png)
<use GraficosDispersion/GNP.deflator_vs_GNP.png>
Package pdftex.def Info: GraficosDispersion/GNP.deflator_vs_GNP.png  used on input line 260.
(pdftex.def)             Requested size: 172.5pt x 172.4995pt.


[8]
<GraficosDispersion/GNP_vs_Year.png, id=47, 481.8pt x 481.8pt>
File: GraficosDispersion/GNP_vs_Year.png Graphic file (type png)
<use GraficosDispersion/GNP_vs_Year.png>
Package pdftex.def Info: GraficosDispersion/GNP_vs_Year.png  used on input line 271.
(pdftex.def)             Requested size: 172.5pt x 172.4995pt.
<GraficosDispersion/Population_vs_GNP.png, id=48, 481.8pt x 481.8pt>
File: GraficosDispersion/Population_vs_GNP.png Graphic file (type png)
<use GraficosDispersion/Population_vs_GNP.png>
Package pdftex.def Info: GraficosDispersion/Population_vs_GNP.png  used on input line 282.
(pdftex.def)             Requested size: 172.5pt x 172.4995pt.


[9 <./GraficosDispersion/GNP.deflator_vs_GNP.png> <./GraficosDispersion/GNP_vs_Year.png>]
Overfull \hbox (10.69507pt too wide) in paragraph at lines 299--301
\OT1/cmr/m/n/10 Existe una relaci^^Son mod-er-ada en-tre el n^^Sumero de de-sem-plea-dos y la poblaci^^Son
 []



[10 <./GraficosDispersion/Population_vs_GNP.png>]
<Correlacion.png, id=58, 566.71725pt x 314.97675pt>
File: Correlacion.png Graphic file (type png)
<use Correlacion.png>
Package pdftex.def Info: Correlacion.png  used on input line 326.
(pdftex.def)             Requested size: 276.00105pt x 153.40274pt.


[11 <./Correlacion.png (PNG copy)>]
<Normal.png, id=62, 566.71725pt x 317.38576pt>
File: Normal.png Graphic file (type png)
<use Normal.png>
Package pdftex.def Info: Normal.png  used on input line 343.
(pdftex.def)             Requested size: 276.00105pt x 154.576pt.


LaTeX Warning: `h' float specifier changed to `ht'.



[12]

[13 <./Normal.png>] (Informe.aux)
 ***********
LaTeX2e <2024-06-01> patch level 2
L3 programming layer <2024-05-27>
 ***********


LaTeX Warning: There were multiply-defined labels.

 ) 
Here is how much of TeX's memory you used:
 3497 strings out of 473904
 60066 string characters out of 5726600
 1937908 words of memory out of 5000000
 26324 multiletter control sequences out of 15000+600000
 566267 words of font info for 68 fonts, out of 8000000 for 9000
 1141 hyphenation exceptions out of 8191
 58i,9n,65p,429b,425s stack positions out of 10000i,1000n,20000p,200000b,200000s
 <C:\Users\RUBEN\AppData\Local\MiKTeX\fonts/pk/ljfour/jknappen/ec/dpi600\tcrm1000.pk><C:/Users/RUBEN/AppData/Local/Programs/MiKTeX/fonts/type1/public/amsfonts/cm/cmbx10.pfb><C:/Users/RUBEN/AppData/Local/Programs/MiKTeX/fonts/type1/public/amsfonts/cm/cmbx12.pfb><C:/Users/RUBEN/AppData/Local/Programs/MiKTeX/fonts/type1/public/amsfonts/cm/cmr10.pfb><C:/Users/RUBEN/AppData/Local/Programs/MiKTeX/fonts/type1/public/amsfonts/cm/cmr17.pfb>
Output written on Informe.pdf (13 pages, 436565 bytes).
PDF statistics:
 94 PDF objects out of 1000 (max. 8388607)
 0 named destinations out of 1000 (max. 500000)
 96 words of extra memory for PDF output out of 10000 (max. 10000000)

